Release 14.7 - xst P.20131013 (nt64)
Copyright (c) 1995-2013 Xilinx, Inc.  All rights reserved.
--> Parameter TMPDIR set to xst/projnav.tmp


Total REAL time to Xst completion: 1.00 secs
Total CPU time to Xst completion: 0.10 secs
 
--> Parameter xsthdpdir set to xst


Total REAL time to Xst completion: 1.00 secs
Total CPU time to Xst completion: 0.10 secs
 
--> Reading design: FourBitALU.prj

TABLE OF CONTENTS
  1) Synthesis Options Summary
  2) HDL Parsing
  3) HDL Elaboration
  4) HDL Synthesis
       4.1) HDL Synthesis Report
  5) Advanced HDL Synthesis
       5.1) Advanced HDL Synthesis Report
  6) Low Level Synthesis
  7) Partition Report
  8) Design Summary
       8.1) Primitive and Black Box Usage
       8.2) Device utilization summary
       8.3) Partition Resource Summary
       8.4) Timing Report
            8.4.1) Clock Information
            8.4.2) Asynchronous Control Signals Information
            8.4.3) Timing Summary
            8.4.4) Timing Details
            8.4.5) Cross Clock Domains Report


=========================================================================
*                      Synthesis Options Summary                        *
=========================================================================
---- Source Parameters
Input File Name                    : "FourBitALU.prj"
Ignore Synthesis Constraint File   : NO

---- Target Parameters
Output File Name                   : "FourBitALU"
Output Format                      : NGC
Target Device                      : xc7a100t-3-csg324

---- Source Options
Top Module Name                    : FourBitALU
Automatic FSM Extraction           : YES
FSM Encoding Algorithm             : Auto
Safe Implementation                : No
FSM Style                          : LUT
RAM Extraction                     : Yes
RAM Style                          : Auto
ROM Extraction                     : Yes
Shift Register Extraction          : YES
ROM Style                          : Auto
Resource Sharing                   : YES
Asynchronous To Synchronous        : NO
Shift Register Minimum Size        : 2
Use DSP Block                      : Auto
Automatic Register Balancing       : No

---- Target Options
LUT Combining                      : Auto
Reduce Control Sets                : Auto
Add IO Buffers                     : YES
Global Maximum Fanout              : 100000
Add Generic Clock Buffer(BUFG)     : 32
Register Duplication               : YES
Optimize Instantiated Primitives   : NO
Use Clock Enable                   : Auto
Use Synchronous Set                : Auto
Use Synchronous Reset              : Auto
Pack IO Registers into IOBs        : Auto
Equivalent register Removal        : YES

---- General Options
Optimization Goal                  : Speed
Optimization Effort                : 1
Power Reduction                    : NO
Keep Hierarchy                     : No
Netlist Hierarchy                  : As_Optimized
RTL Output                         : Yes
Global Optimization                : AllClockNets
Read Cores                         : YES
Write Timing Constraints           : NO
Cross Clock Analysis               : NO
Hierarchy Separator                : /
Bus Delimiter                      : <>
Case Specifier                     : Maintain
Slice Utilization Ratio            : 100
BRAM Utilization Ratio             : 100
DSP48 Utilization Ratio            : 100
Auto BRAM Packing                  : NO
Slice Utilization Ratio Delta      : 5

=========================================================================


=========================================================================
*                          HDL Parsing                                  *
=========================================================================
Parsing VHDL file "D:\CD 2024\Computer Architecture\xilinx projects\FourBitALU\Mux4_1.vhd" into library work
Parsing entity <Mux4_1>.
Parsing architecture <Behavioral> of entity <mux4_1>.
Parsing VHDL file "D:\CD 2024\Computer Architecture\xilinx projects\FourBitALU\FullAdder.vhd" into library work
Parsing entity <FullAdder>.
Parsing architecture <Behavioral> of entity <fulladder>.
Parsing VHDL file "D:\CD 2024\Computer Architecture\xilinx projects\FourBitALU\OneStageLogicCircuit.vhd" into library work
Parsing entity <OneStageLogicCircuit>.
Parsing architecture <Behavioral> of entity <onestagelogiccircuit>.
WARNING:HDLCompiler:946 - "D:\CD 2024\Computer Architecture\xilinx projects\FourBitALU\OneStageLogicCircuit.vhd" Line 19: Actual for formal port x is neither a static name nor a globally static expression
Parsing VHDL file "D:\CD 2024\Computer Architecture\xilinx projects\FourBitALU\OneStageArithmeticCircuit.vhd" into library work
Parsing entity <OneStageArithmeticCircuit>.
Parsing architecture <Behavioral> of entity <onestagearithmeticcircuit>.
WARNING:HDLCompiler:946 - "D:\CD 2024\Computer Architecture\xilinx projects\FourBitALU\OneStageArithmeticCircuit.vhd" Line 28: Actual for formal port y is neither a static name nor a globally static expression
Parsing VHDL file "D:\CD 2024\Computer Architecture\xilinx projects\FourBitALU\FourBitLogicCircuit.vhd" into library work
Parsing entity <FourBitLogicCircuit>.
Parsing architecture <Behavioral> of entity <fourbitlogiccircuit>.
Parsing VHDL file "D:\CD 2024\Computer Architecture\xilinx projects\FourBitALU\FourBitArithmeticCircuit.vhd" into library work
Parsing entity <FourBitArithmeticCircuit>.
Parsing architecture <Behavioral> of entity <fourbitarithmeticcircuit>.
Parsing VHDL file "D:\CD 2024\Computer Architecture\xilinx projects\FourBitALU\FourBitALU.vhd" into library work
Parsing entity <FourBitALU>.
Parsing architecture <Behavioral> of entity <fourbitalu>.

=========================================================================
*                            HDL Elaboration                            *
=========================================================================

Elaborating entity <FourBitALU> (architecture <Behavioral>) from library <work>.

Elaborating entity <FourBitLogicCircuit> (architecture <Behavioral>) from library <work>.

Elaborating entity <OneStageLogicCircuit> (architecture <Behavioral>) from library <work>.

Elaborating entity <Mux4_1> (architecture <Behavioral>) from library <work>.

Elaborating entity <FourBitArithmeticCircuit> (architecture <Behavioral>) from library <work>.

Elaborating entity <OneStageArithmeticCircuit> (architecture <Behavioral>) from library <work>.

Elaborating entity <FullAdder> (architecture <Behavioral>) from library <work>.

=========================================================================
*                           HDL Synthesis                               *
=========================================================================

Synthesizing Unit <FourBitALU>.
    Related source file is "D:\CD 2024\Computer Architecture\xilinx projects\FourBitALU\FourBitALU.vhd".
    Summary:
	inferred   1 Multiplexer(s).
Unit <FourBitALU> synthesized.

Synthesizing Unit <FourBitLogicCircuit>.
    Related source file is "D:\CD 2024\Computer Architecture\xilinx projects\FourBitALU\FourBitLogicCircuit.vhd".
    Summary:
	no macro.
Unit <FourBitLogicCircuit> synthesized.

Synthesizing Unit <OneStageLogicCircuit>.
    Related source file is "D:\CD 2024\Computer Architecture\xilinx projects\FourBitALU\OneStageLogicCircuit.vhd".
    Summary:
Unit <OneStageLogicCircuit> synthesized.

Synthesizing Unit <Mux4_1>.
    Related source file is "D:\CD 2024\Computer Architecture\xilinx projects\FourBitALU\Mux4_1.vhd".
    Found 1-bit 4-to-1 multiplexer for signal <F> created at line 14.
    Summary:
	inferred   1 Multiplexer(s).
Unit <Mux4_1> synthesized.

Synthesizing Unit <FourBitArithmeticCircuit>.
    Related source file is "D:\CD 2024\Computer Architecture\xilinx projects\FourBitALU\FourBitArithmeticCircuit.vhd".
    Summary:
	no macro.
Unit <FourBitArithmeticCircuit> synthesized.

Synthesizing Unit <OneStageArithmeticCircuit>.
    Related source file is "D:\CD 2024\Computer Architecture\xilinx projects\FourBitALU\OneStageArithmeticCircuit.vhd".
    Summary:
	no macro.
Unit <OneStageArithmeticCircuit> synthesized.

Synthesizing Unit <FullAdder>.
    Related source file is "D:\CD 2024\Computer Architecture\xilinx projects\FourBitALU\FullAdder.vhd".
    Summary:
Unit <FullAdder> synthesized.

=========================================================================
HDL Synthesis Report

Macro Statistics
# Multiplexers                                         : 9
 1-bit 4-to-1 multiplexer                              : 8
 4-bit 2-to-1 multiplexer                              : 1
# Xors                                                 : 12
 1-bit xor2                                            : 12

=========================================================================

=========================================================================
*                       Advanced HDL Synthesis                          *
=========================================================================


=========================================================================
Advanced HDL Synthesis Report

Macro Statistics
# Multiplexers                                         : 5
 1-bit 4-to-1 multiplexer                              : 4
 4-bit 2-to-1 multiplexer                              : 1
# Xors                                                 : 12
 1-bit xor2                                            : 12

=========================================================================

=========================================================================
*                         Low Level Synthesis                           *
=========================================================================

Optimizing unit <FourBitALU> ...

Mapping all equations...
Building and optimizing final netlist ...
Found area constraint ratio of 100 (+ 5) on block FourBitALU, actual ratio is 0.

Final Macro Processing ...

=========================================================================
Final Register Report

Found no macro
=========================================================================

=========================================================================
*                           Partition Report                            *
=========================================================================

Partition Implementation Status
-------------------------------

  No Partitions were found in this design.

-------------------------------

=========================================================================
*                            Design Summary                             *
=========================================================================

Top Level Output File Name         : FourBitALU.ngc

Primitive and Black Box Usage:
------------------------------
# BELS                             : 8
#      LUT3                        : 1
#      LUT5                        : 3
#      LUT6                        : 4
# IO Buffers                       : 17
#      IBUF                        : 12
#      OBUF                        : 5

Device utilization summary:
---------------------------

Selected Device : 7a100tcsg324-3 


Slice Logic Utilization: 
 Number of Slice LUTs:                    8  out of  63400     0%  
    Number used as Logic:                 8  out of  63400     0%  

Slice Logic Distribution: 
 Number of LUT Flip Flop pairs used:      8
   Number with an unused Flip Flop:       8  out of      8   100%  
   Number with an unused LUT:             0  out of      8     0%  
   Number of fully used LUT-FF pairs:     0  out of      8     0%  
   Number of unique control sets:         0

IO Utilization: 
 Number of IOs:                          17
 Number of bonded IOBs:                  17  out of    210     8%  

Specific Feature Utilization:

---------------------------
Partition Resource Summary:
---------------------------

  No Partitions were found in this design.

---------------------------


=========================================================================
Timing Report

NOTE: THESE TIMING NUMBERS ARE ONLY A SYNTHESIS ESTIMATE.
      FOR ACCURATE TIMING INFORMATION PLEASE REFER TO THE TRACE REPORT
      GENERATED AFTER PLACE-and-ROUTE.

Clock Information:
------------------
No clock signals found in this design

Asynchronous Control Signals Information:
----------------------------------------
No asynchronous control signals found in this design

Timing Summary:
---------------
Speed Grade: -3

   Minimum period: No path found
   Minimum input arrival time before clock: No path found
   Maximum output required time after clock: No path found
   Maximum combinational path delay: 3.016ns

Timing Details:
---------------
All values displayed in nanoseconds (ns)

=========================================================================
Timing constraint: Default path analysis
  Total number of paths / destination ports: 63 / 5
-------------------------------------------------------------------------
Delay:               3.016ns (Levels of Logic = 6)
  Source:            INPUT_SEL<0> (PAD)
  Destination:       OUTPUT_CARRY (PAD)

  Data Path: INPUT_SEL<0> to OUTPUT_CARRY
                                Gate     Net
    Cell:in->out      fanout   Delay   Delay  Logical Name (Net Name)
    ----------------------------------------  ------------
     IBUF:I->O             7   0.001   0.711  INPUT_SEL_0_IBUF (INPUT_SEL_0_IBUF)
     LUT5:I0->O            2   0.097   0.561  FBAC/AC_2/mux1/Mmux_F11 (FBAC/AC_2/OUTPUT)
     LUT5:I1->O            2   0.097   0.561  FBAC/AC_3/mux1/Mmux_F11 (FBAC/AC_3/OUTPUT)
     LUT5:I1->O            2   0.097   0.515  FBAC/AC_4/mux1/Mmux_F11 (FBAC/AC_4/OUTPUT)
     LUT3:I0->O            1   0.097   0.279  FBAC/AC_4/FA1/R1 (OUTPUT_CARRY_OBUF)
     OBUF:I->O                 0.000          OUTPUT_CARRY_OBUF (OUTPUT_CARRY)
    ----------------------------------------
    Total                      3.016ns (0.389ns logic, 2.627ns route)
                                       (12.9% logic, 87.1% route)

=========================================================================

Cross Clock Domains Report:
--------------------------

=========================================================================


Total REAL time to Xst completion: 7.00 secs
Total CPU time to Xst completion: 7.04 secs
 
--> 

Total memory usage is 4618996 kilobytes

Number of errors   :    0 (   0 filtered)
Number of warnings :    2 (   0 filtered)
Number of infos    :    0 (   0 filtered)

